<?xml version="1.0" encoding="utf-8"?><testsuites name="pytest tests"><testsuite name="pytest" errors="0" failures="0" skipped="1" tests="31" time="12.305" timestamp="2026-09-05T07:15:01.178988+00:00" hostname="agent-env-d0d40d41-068f-423f-8b41-62d15175327c"><testcase classname="tests.test_new_features.TestPerUserSNCredentials" name="test_status_requires_auth" time="0.312" /><testcase classname="tests.test_new_features.TestPerUserSNCredentials" name="test_status_shape_admin_no_creds" time="0.094" /><testcase classname="tests.test_new_features.TestPerUserSNCredentials" name="test_real_instance_no_creds_returns_428" time="0.159" /><testcase classname="tests.test_new_features.TestPerUserSNCredentials" name="test_admin_sn_test_without_personal_creds" time="0.047" /><testcase classname="tests.test_new_features.TestPerUserSNCredentials" name="test_save_validation" time="0.147" /><testcase classname="tests.test_new_features.TestPerUserSNCredentials" name="test_save_encrypts_and_persists" time="0.118" /><testcase classname="tests.test_new_features.TestPerUserSNCredentials" name="test_test_endpoint_wrong_creds_returns_json_not_exception" time="1.394" /><testcase classname="tests.test_new_features.TestPerUserSNCredentials" name="test_wrong_creds_incidents_returns_424_json" time="0.175" /><testcase classname="tests.test_new_features.TestPerUserSNCredentials" name="test_enduser_with_dummy_creds_gets_424" time="0.407" /><testcase classname="tests.test_new_features.TestPerUserSNCredentials" name="test_delete_removes_credentials" time="0.144" /><testcase classname="tests.test_new_features.TestAdminSNConfig" name="test_config_has_no_credentials_keys" time="0.046" /><testcase classname="tests.test_new_features.TestAdminSNConfig" name="test_url_normalization" time="0.100" /><testcase classname="tests.test_new_features.TestAdminSNConfig" name="test_normalization_adds_scheme" time="0.132" /><testcase classname="tests.test_new_features.TestDemoAnalyzeFeedbackQuota" name="test_demo_mode_list" time="0.096" /><testcase classname="tests.test_new_features.TestDemoAnalyzeFeedbackQuota" name="test_quota_shapes" time="0.239" /><testcase classname="tests.test_new_features.TestDemoAnalyzeFeedbackQuota" name="test_analyze_and_feedback_flow" time="3.843" /><testcase classname="tests.test_new_features.TestDemoAnalyzeFeedbackQuota" name="test_rate_limit_enforced_for_enduser_not_admin" time="2.270" /><testcase classname="tests.test_new_features.TestDemoAnalyzeFeedbackQuota" name="test_restore_real_instance" time="0.047" /><testcase classname="tests.test_new_features.TestKBUpload" name="test_upload_markdown" time="0.098" /><testcase classname="tests.test_new_features.TestKBUpload" name="test_upload_txt" time="0.049" /><testcase classname="tests.test_new_features.TestKBUpload" name="test_upload_pdf_text_extracted" time="0.217"><skipped type="pytest.skip" message="reportlab unavailable; blank PDF has no extractable text">/app/backend/tests/test_new_features.py:357: reportlab unavailable; blank PDF has no extractable text</skipped></testcase><testcase classname="tests.test_new_features.TestKBUpload" name="test_unsupported_type" time="0.051" /><testcase classname="tests.test_new_features.TestKBUpload" name="test_empty_file" time="0.051" /><testcase classname="tests.test_new_features.TestKBUpload" name="test_enduser_forbidden" time="0.049" /><testcase classname="tests.test_new_features.TestKBUpload" name="test_anon_unauthorized" time="0.214" /><testcase classname="tests.test_new_features.TestRegression" name="test_auth_me" time="0.104" /><testcase classname="tests.test_new_features.TestRegression" name="test_role_enforcement" time="0.300" /><testcase classname="tests.test_new_features.TestRegression" name="test_admin_crud_lifecycle" time="0.248" /><testcase classname="tests.test_new_features.TestRegression" name="test_audit_log" time="0.055" /><testcase classname="tests.test_new_features.TestRegression" name="test_my_analyses" time="0.049" /><testcase classname="tests.test_new_features.TestRegression" name="test_ai_test_pong" time="0.906" /></testsuite></testsuites>