<?xml version="1.0" encoding="utf-8"?><testsuites name="pytest tests"><testsuite name="pytest" errors="0" failures="0" skipped="0" tests="21" time="4.451" timestamp="2026-09-05T08:05:28.374307+00:00" hostname="agent-env-d0d40d41-068f-423f-8b41-62d15175327c"><testcase classname="tests.test_iteration4.TestSyncConfig" name="test_get_sync_admin" time="0.125" /><testcase classname="tests.test_iteration4.TestSyncConfig" name="test_get_sync_end_user_forbidden" time="0.096" /><testcase classname="tests.test_iteration4.TestSyncConfig" name="test_get_sync_anon" time="0.098" /><testcase classname="tests.test_iteration4.TestSyncConfig" name="test_put_enabled_no_creds_returns_428" time="0.099" /><testcase classname="tests.test_iteration4.TestSyncConfig" name="test_put_disabled_ok_and_clamps" time="0.205" /><testcase classname="tests.test_iteration4.TestSyncRun" name="test_run_no_creds" time="0.099" /><testcase classname="tests.test_iteration4.TestSyncRun" name="test_run_demo_mode" time="0.115" /><testcase classname="tests.test_iteration4.TestSyncRun" name="test_run_end_user_forbidden" time="0.107" /><testcase classname="tests.test_iteration4.TestSyncRun" name="test_audit_has_sync_action" time="0.124" /><testcase classname="tests.test_iteration4.TestEvidence" name="test_analyze_returns_evidence" time="2.120" /><testcase classname="tests.test_iteration4.TestEvidence" name="test_mine_shows_evidence" time="0.103" /><testcase classname="tests.test_iteration4.TestEvidence" name="test_get_evidence_kb_as_end_user" time="0.110" /><testcase classname="tests.test_iteration4.TestEvidence" name="test_get_evidence_historical" time="0.115" /><testcase classname="tests.test_iteration4.TestEvidence" name="test_get_evidence_rca" time="0.102" /><testcase classname="tests.test_iteration4.TestEvidence" name="test_unknown_kind" time="0.105" /><testcase classname="tests.test_iteration4.TestEvidence" name="test_unknown_id" time="0.106" /><testcase classname="tests.test_iteration4.TestEvidence" name="test_anon_401" time="0.104" /><testcase classname="tests.test_iteration4.TestRegression" name="test_incidents_admin_428" time="0.104" /><testcase classname="tests.test_iteration4.TestRegression" name="test_feedback_analytics" time="0.112" /><testcase classname="tests.test_iteration4.TestRegression" name="test_health_root" time="0.102" /><testcase classname="tests.test_iteration4.TestRegression" name="test_post_to_sn_404_unknown" time="0.101" /></testsuite></testsuites>