<?xml version="1.0" encoding="utf-8"?><testsuites name="pytest tests"><testsuite name="pytest" errors="0" failures="0" skipped="0" tests="9" time="4.346" timestamp="2026-09-05T12:34:29.686356+00:00" hostname="agent-env-d0d40d41-068f-423f-8b41-62d15175327c"><testcase classname="tests.test_iteration6.TestHistoricalImportMapping" name="test_import_maps_fields" time="0.222" /><testcase classname="tests.test_iteration6.TestHistoricalImportMapping" name="test_tags_string_split" time="0.051" /><testcase classname="tests.test_iteration6.TestHistoricalImportMapping" name="test_missing_number_error" time="0.053" /><testcase classname="tests.test_iteration6.TestHistoricalImportMapping" name="test_rca_import_auto_title" time="0.055" /><testcase classname="tests.test_iteration6.TestSimilarContext" name="test_similar_in_demo_mode" time="0.122" /><testcase classname="tests.test_iteration6.TestSimilarContext" name="test_similar_live_instance_admin_no_creds" time="0.053" /><testcase classname="tests.test_iteration6.TestAnalyzeDemoMode" name="test_analyze_no_500" time="3.471" /><testcase classname="tests.test_iteration6.TestSyncRun" name="test_sync_run_needs_creds" time="0.164" /><testcase classname="tests.test_iteration6.TestSyncRun" name="test_sync_run_unbound_returns_400" time="0.053" /></testsuite></testsuites>