<?xml version="1.0" encoding="utf-8"?><testsuites name="pytest tests"><testsuite name="pytest" errors="0" failures="0" skipped="0" tests="33" time="11.610" timestamp="2026-09-05T07:39:50.990991+00:00" hostname="agent-env-d0d40d41-068f-423f-8b41-62d15175327c"><testcase classname="tests.test_iteration3.TestFeedbackAnalytics" name="test_analytics_default" time="0.121" /><testcase classname="tests.test_iteration3.TestFeedbackAnalytics" name="test_analytics_days_clamp[7-7]" time="0.046" /><testcase classname="tests.test_iteration3.TestFeedbackAnalytics" name="test_analytics_days_clamp[30-30]" time="0.044" /><testcase classname="tests.test_iteration3.TestFeedbackAnalytics" name="test_analytics_days_clamp[90-90]" time="0.052" /><testcase classname="tests.test_iteration3.TestFeedbackAnalytics" name="test_analytics_days_clamp[1000-365]" time="0.047" /><testcase classname="tests.test_iteration3.TestFeedbackAnalytics" name="test_analytics_days_clamp[0-1]" time="0.043" /><testcase classname="tests.test_iteration3.TestFeedbackAnalytics" name="test_analytics_group_shape" time="0.048" /><testcase classname="tests.test_iteration3.TestFeedbackAnalytics" name="test_analytics_end_user_forbidden" time="0.103" /><testcase classname="tests.test_iteration3.TestFeedbackAnalytics" name="test_analytics_unauthenticated" time="0.104" /><testcase classname="tests.test_iteration3.TestImportHistorical" name="test_import_json_array_with_aliases" time="0.087" /><testcase classname="tests.test_iteration3.TestImportHistorical" name="test_reimport_updates_no_duplicate" time="0.132" /><testcase classname="tests.test_iteration3.TestImportHistorical" name="test_import_items_wrapper" time="0.128" /><testcase classname="tests.test_iteration3.TestImportHistorical" name="test_import_csv_multipart_50_rows" time="0.118" /><testcase classname="tests.test_iteration3.TestImportHistorical" name="test_non_object_rows_counted_as_errors" time="0.090" /><testcase classname="tests.test_iteration3.TestImportHistorical" name="test_unknown_target_404" time="0.042" /><testcase classname="tests.test_iteration3.TestImportHistorical" name="test_empty_array_400" time="0.041" /><testcase classname="tests.test_iteration3.TestImportHistorical" name="test_bad_body_400" time="0.082" /><testcase classname="tests.test_iteration3.TestImportHistorical" name="test_end_user_forbidden" time="0.049" /><testcase classname="tests.test_iteration3.TestImportKbRca" name="test_kb_import_and_update" time="0.174" /><testcase classname="tests.test_iteration3.TestImportKbRca" name="test_rca_import_autotitle" time="0.088" /><testcase classname="tests.test_iteration3.TestPostToServiceNow" name="test_admin_without_sn_creds_428" time="0.215" /><testcase classname="tests.test_iteration3.TestPostToServiceNow" name="test_end_user_not_owner_404" time="0.199" /><testcase classname="tests.test_iteration3.TestPostToServiceNow" name="test_nonexistent_analysis_404" time="0.090" /><testcase classname="tests.test_iteration3.TestPostToServiceNow" name="test_demo_mode_analyze_and_post_400" time="5.300" /><testcase classname="tests.test_iteration3.TestRegression" name="test_health" time="0.048" /><testcase classname="tests.test_iteration3.TestRegression" name="test_sn_config_restored" time="0.082" /><testcase classname="tests.test_iteration3.TestRegression" name="test_incidents_admin_428_without_creds" time="0.049" /><testcase classname="tests.test_iteration3.TestRegression" name="test_me_servicenow_admin" time="0.041" /><testcase classname="tests.test_iteration3.TestRegression" name="test_quota_endpoint" time="0.052" /><testcase classname="tests.test_iteration3.TestRegression" name="test_kb_upload" time="0.087" /><testcase classname="tests.test_iteration3.TestRegression" name="test_audit_contains_import_action" time="0.057" /><testcase classname="tests.test_iteration3.TestRegression" name="test_dashboard" time="0.045" /><testcase classname="tests.test_iteration3.TestZZCleanup" name="test_cleanup_imported_records" time="3.626" /></testsuite></testsuites>