<?xml version="1.0" encoding="utf-8"?><testsuites name="pytest tests"><testsuite name="pytest" errors="0" failures="0" skipped="0" tests="111" time="24.221" timestamp="2026-09-05T08:05:37.318283+00:00" hostname="agent-env-d0d40d41-068f-423f-8b41-62d15175327c"><testcase classname="tests.test_iteration3.TestFeedbackAnalytics" name="test_analytics_default" time="0.138" /><testcase classname="tests.test_iteration3.TestFeedbackAnalytics" name="test_analytics_days_clamp[7-7]" time="0.063" /><testcase classname="tests.test_iteration3.TestFeedbackAnalytics" name="test_analytics_days_clamp[30-30]" time="0.059" /><testcase classname="tests.test_iteration3.TestFeedbackAnalytics" name="test_analytics_days_clamp[90-90]" time="0.058" /><testcase classname="tests.test_iteration3.TestFeedbackAnalytics" name="test_analytics_days_clamp[1000-365]" time="0.063" /><testcase classname="tests.test_iteration3.TestFeedbackAnalytics" name="test_analytics_days_clamp[0-1]" time="0.062" /><testcase classname="tests.test_iteration3.TestFeedbackAnalytics" name="test_analytics_group_shape" time="0.059" /><testcase classname="tests.test_iteration3.TestFeedbackAnalytics" name="test_analytics_end_user_forbidden" time="0.100" /><testcase classname="tests.test_iteration3.TestFeedbackAnalytics" name="test_analytics_unauthenticated" time="0.106" /><testcase classname="tests.test_iteration3.TestImportHistorical" name="test_import_json_array_with_aliases" time="0.168" /><testcase classname="tests.test_iteration3.TestImportHistorical" name="test_reimport_updates_no_duplicate" time="0.123" /><testcase classname="tests.test_iteration3.TestImportHistorical" name="test_import_items_wrapper" time="0.117" /><testcase classname="tests.test_iteration3.TestImportHistorical" name="test_import_csv_multipart_50_rows" time="0.124" /><testcase classname="tests.test_iteration3.TestImportHistorical" name="test_non_object_rows_counted_as_errors" time="0.062" /><testcase classname="tests.test_iteration3.TestImportHistorical" name="test_unknown_target_404" time="0.061" /><testcase classname="tests.test_iteration3.TestImportHistorical" name="test_empty_array_400" time="0.056" /><testcase classname="tests.test_iteration3.TestImportHistorical" name="test_bad_body_400" time="0.059" /><testcase classname="tests.test_iteration3.TestImportHistorical" name="test_end_user_forbidden" time="0.043" /><testcase classname="tests.test_iteration3.TestImportKbRca" name="test_kb_import_and_update" time="0.241" /><testcase classname="tests.test_iteration3.TestImportKbRca" name="test_rca_import_autotitle" time="0.117" /><testcase classname="tests.test_iteration3.TestPostToServiceNow" name="test_admin_without_sn_creds_428" time="0.252" /><testcase classname="tests.test_iteration3.TestPostToServiceNow" name="test_end_user_not_owner_404" time="0.171" /><testcase classname="tests.test_iteration3.TestPostToServiceNow" name="test_nonexistent_analysis_404" time="0.057" /><testcase classname="tests.test_iteration3.TestPostToServiceNow" name="test_demo_mode_analyze_and_post_400" time="2.696" /><testcase classname="tests.test_iteration3.TestRegression" name="test_health" time="0.054" /><testcase classname="tests.test_iteration3.TestRegression" name="test_sn_config_restored" time="0.059" /><testcase classname="tests.test_iteration3.TestRegression" name="test_incidents_admin_428_without_creds" time="0.058" /><testcase classname="tests.test_iteration3.TestRegression" name="test_me_servicenow_admin" time="0.058" /><testcase classname="tests.test_iteration3.TestRegression" name="test_quota_endpoint" time="0.049" /><testcase classname="tests.test_iteration3.TestRegression" name="test_kb_upload" time="0.117" /><testcase classname="tests.test_iteration3.TestRegression" name="test_audit_contains_import_action" time="0.083" /><testcase classname="tests.test_iteration3.TestRegression" name="test_dashboard" time="0.065" /><testcase classname="tests.test_iteration3.TestZZCleanup" name="test_cleanup_imported_records" time="3.423" /><testcase classname="tests.backend_test.TestHealth" name="test_health" time="0.050" /><testcase classname="tests.backend_test.TestAuth" name="test_incidents_requires_auth" time="0.047" /><testcase classname="tests.backend_test.TestAuth" name="test_me_unauthenticated" time="0.058" /><testcase classname="tests.backend_test.TestAuth" name="test_me_admin" time="0.083" /><testcase classname="tests.backend_test.TestAuth" name="test_me_end_user" time="0.045" /><testcase classname="tests.backend_test.TestAuth" name="test_invalid_token_rejected" time="0.049" /><testcase classname="tests.backend_test.TestAuth" name="test_session_invalid_session_id" time="0.133" /><testcase classname="tests.backend_test.TestIncidents" name="test_list_incidents_requires_or_rejects_credentials" time="0.281" /><testcase classname="tests.backend_test.TestIncidents" name="test_get_incident_credential_error_is_json" time="0.173" /><testcase classname="tests.backend_test.TestIncidents" name="test_get_incident_invalid_id" time="0.044" /><testcase classname="tests.backend_test.TestAnalyze" name="test_analyze_requires_auth" time="0.062" /><testcase classname="tests.backend_test.TestAnalyze" name="test_end_user_analyze_credential_error" time="0.048" /><testcase classname="tests.backend_test.TestAnalyze" name="test_my_analyses_scoped" time="0.106" /><testcase classname="tests.backend_test.TestRBAC" name="test_end_user_denied[/api/admin/dashboard]" time="0.046" /><testcase classname="tests.backend_test.TestRBAC" name="test_end_user_denied[/api/admin/kb]" time="0.044" /><testcase classname="tests.backend_test.TestRBAC" name="test_end_user_denied[/api/admin/rca]" time="0.048" /><testcase classname="tests.backend_test.TestRBAC" name="test_end_user_denied[/api/admin/historical]" time="0.046" /><testcase classname="tests.backend_test.TestRBAC" name="test_end_user_denied[/api/admin/applications]" time="0.043" /><testcase classname="tests.backend_test.TestRBAC" name="test_end_user_denied[/api/admin/servicenow/config]" time="0.047" /><testcase classname="tests.backend_test.TestRBAC" name="test_end_user_denied[/api/admin/ai/config]" time="0.045" /><testcase classname="tests.backend_test.TestRBAC" name="test_end_user_denied[/api/admin/analyses]" time="0.044" /><testcase classname="tests.backend_test.TestRBAC" name="test_end_user_denied[/api/admin/audit]" time="0.046" /><testcase classname="tests.backend_test.TestRBAC" name="test_unauthenticated_denied[/api/admin/dashboard]" time="0.050" /><testcase classname="tests.backend_test.TestRBAC" name="test_unauthenticated_denied[/api/admin/kb]" time="0.059" /><testcase classname="tests.backend_test.TestRBAC" name="test_unauthenticated_denied[/api/admin/rca]" time="0.057" /><testcase classname="tests.backend_test.TestRBAC" name="test_unauthenticated_denied[/api/admin/historical]" time="0.074" /><testcase classname="tests.backend_test.TestRBAC" name="test_unauthenticated_denied[/api/admin/applications]" time="0.066" /><testcase classname="tests.backend_test.TestRBAC" name="test_unauthenticated_denied[/api/admin/servicenow/config]" time="0.048" /><testcase classname="tests.backend_test.TestRBAC" name="test_unauthenticated_denied[/api/admin/ai/config]" time="0.051" /><testcase classname="tests.backend_test.TestRBAC" name="test_unauthenticated_denied[/api/admin/analyses]" time="0.053" /><testcase classname="tests.backend_test.TestRBAC" name="test_unauthenticated_denied[/api/admin/audit]" time="0.050" /><testcase classname="tests.backend_test.TestRBAC" name="test_end_user_denied_write_routes" time="0.216" /><testcase classname="tests.backend_test.TestDashboard" name="test_dashboard" time="0.062" /><testcase classname="tests.backend_test.TestServiceNowConfig" name="test_get_default_config" time="0.059" /><testcase classname="tests.backend_test.TestServiceNowConfig" name="test_put_preserves_config" time="0.178" /><testcase classname="tests.backend_test.TestServiceNowConfig" name="test_test_connection_requires_personal_credentials" time="0.058" /><testcase classname="tests.backend_test.TestAIConfig" name="test_get_ai_config" time="0.065" /><testcase classname="tests.backend_test.TestAIConfig" name="test_put_ai_config" time="0.309" /><testcase classname="tests.backend_test.TestAIConfig" name="test_ai_test_pong" time="0.635" /><testcase classname="tests.backend_test.TestAdminCRUD" name="test_crud_lifecycle[applications-create0-update0-name]" time="0.346" /><testcase classname="tests.backend_test.TestAdminCRUD" name="test_crud_lifecycle[kb-create1-update1-title]" time="0.335" /><testcase classname="tests.backend_test.TestAdminCRUD" name="test_crud_lifecycle[rca-create2-update2-title]" time="0.335" /><testcase classname="tests.backend_test.TestAdminCRUD" name="test_crud_lifecycle[historical-create3-update3-short_description]" time="0.345" /><testcase classname="tests.backend_test.TestAdminCRUD" name="test_create_validation_error" time="0.056" /><testcase classname="tests.backend_test.TestAdminCRUD" name="test_update_nonexistent_id" time="0.056" /><testcase classname="tests.backend_test.TestAnalysesAndAudit" name="test_admin_analyses" time="0.060" /><testcase classname="tests.backend_test.TestAnalysesAndAudit" name="test_audit_log_entries_and_no_secrets" time="0.074" /><testcase classname="tests.test_new_features.TestPerUserSNCredentials" name="test_status_requires_auth" time="0.122" /><testcase classname="tests.test_new_features.TestPerUserSNCredentials" name="test_status_shape_admin_no_creds" time="0.092" /><testcase classname="tests.test_new_features.TestPerUserSNCredentials" name="test_real_instance_no_creds_returns_428" time="0.174" /><testcase classname="tests.test_new_features.TestPerUserSNCredentials" name="test_admin_sn_test_without_personal_creds" time="0.049" /><testcase classname="tests.test_new_features.TestPerUserSNCredentials" name="test_save_validation" time="0.130" /><testcase classname="tests.test_new_features.TestPerUserSNCredentials" name="test_save_encrypts_and_persists" time="0.099" /><testcase classname="tests.test_new_features.TestPerUserSNCredentials" name="test_test_endpoint_wrong_creds_returns_json_not_exception" time="0.218" /><testcase classname="tests.test_new_features.TestPerUserSNCredentials" name="test_wrong_creds_incidents_returns_424_json" time="0.183" /><testcase classname="tests.test_new_features.TestPerUserSNCredentials" name="test_enduser_with_dummy_creds_gets_424" time="0.354" /><testcase classname="tests.test_new_features.TestPerUserSNCredentials" name="test_delete_removes_credentials" time="0.172" /><testcase classname="tests.test_new_features.TestAdminSNConfig" name="test_config_has_no_credentials_keys" time="0.043" /><testcase classname="tests.test_new_features.TestAdminSNConfig" name="test_url_normalization" time="0.129" /><testcase classname="tests.test_new_features.TestAdminSNConfig" name="test_normalization_adds_scheme" time="0.130" /><testcase classname="tests.test_new_features.TestDemoAnalyzeFeedbackQuota" name="test_demo_mode_list" time="0.180" /><testcase classname="tests.test_new_features.TestDemoAnalyzeFeedbackQuota" name="test_quota_shapes" time="0.234" /><testcase classname="tests.test_new_features.TestDemoAnalyzeFeedbackQuota" name="test_analyze_and_feedback_flow" time="2.647" /><testcase classname="tests.test_new_features.TestDemoAnalyzeFeedbackQuota" name="test_rate_limit_enforced_for_enduser_not_admin" time="2.268" /><testcase classname="tests.test_new_features.TestDemoAnalyzeFeedbackQuota" name="test_restore_real_instance" time="0.044" /><testcase classname="tests.test_new_features.TestKBUpload" name="test_upload_markdown" time="0.087" /><testcase classname="tests.test_new_features.TestKBUpload" name="test_upload_txt" time="0.086" /><testcase classname="tests.test_new_features.TestKBUpload" name="test_upload_pdf_text_extracted" time="0.248" /><testcase classname="tests.test_new_features.TestKBUpload" name="test_unsupported_type" time="0.049" /><testcase classname="tests.test_new_features.TestKBUpload" name="test_empty_file" time="0.044" /><testcase classname="tests.test_new_features.TestKBUpload" name="test_enduser_forbidden" time="0.050" /><testcase classname="tests.test_new_features.TestKBUpload" name="test_anon_unauthorized" time="0.246" /><testcase classname="tests.test_new_features.TestRegression" name="test_auth_me" time="0.087" /><testcase classname="tests.test_new_features.TestRegression" name="test_role_enforcement" time="0.286" /><testcase classname="tests.test_new_features.TestRegression" name="test_admin_crud_lifecycle" time="0.262" /><testcase classname="tests.test_new_features.TestRegression" name="test_audit_log" time="0.065" /><testcase classname="tests.test_new_features.TestRegression" name="test_my_analyses" time="0.062" /><testcase classname="tests.test_new_features.TestRegression" name="test_ai_test_pong" time="0.918" /></testsuite></testsuites>