<?xml version="1.0" encoding="utf-8"?><testsuites name="pytest tests"><testsuite name="pytest" errors="0" failures="0" skipped="2" tests="8" time="50.085" timestamp="2026-09-05T10:54:11.314978+00:00" hostname="agent-env-d0d40d41-068f-423f-8b41-62d15175327c"><testcase classname="tests.test_iteration5.TestAIConfigGet" name="test_get_returns_gemini_masked" time="0.251" /><testcase classname="tests.test_iteration5.TestAIConfigPutUpgrade" name="test_own_key_gemini_retired_upgrades" time="0.094" /><testcase classname="tests.test_iteration5.TestAIConfigPutUpgrade" name="test_emergent_key_gpt4o_mini_stays" time="0.043" /><testcase classname="tests.test_iteration5.TestAIConfigPutUpgrade" name="test_own_key_gpt5_4_mini_unchanged" time="0.082" /><testcase classname="tests.test_iteration5.TestAITest" name="test_ai_test_good_config" time="46.757"><skipped type="pytest.skip" message="Gemini quota exhausted: gemini rate limit / quota exceeded for model gemini-3-flash-preview. Try again shortly.">/app/backend/tests/test_iteration5.py:121: Gemini quota exhausted: gemini rate limit / quota exceeded for model gemini-3-flash-preview. Try again shortly.</skipped></testcase><testcase classname="tests.test_iteration5.TestAITest" name="test_ai_test_retired_model_returns_friendly" time="0.869" /><testcase classname="tests.test_iteration5.TestAnalyze424" name="test_analyze_success_demo_mode" time="0.346"><skipped type="pytest.skip" message="end-user rate limited: {&quot;detail&quot;:&quot;gemini rate limit / quota exceeded for model gemini-3-flash-preview. Try again shortly.&quot;}">/app/backend/tests/test_iteration5.py:163: end-user rate limited: {"detail":"gemini rate limit / quota exceeded for model gemini-3-flash-preview. Try again shortly."}</skipped></testcase><testcase classname="tests.test_iteration5.TestAnalyze424" name="test_analyze_returns_424_on_retired_model" time="1.608" /></testsuite></testsuites>