<?xml version="1.0" encoding="utf-8"?><testsuites name="pytest tests"><testsuite name="pytest" errors="0" failures="0" skipped="0" tests="51" time="6.399" timestamp="2026-09-05T06:51:38.890920+00:00" hostname="agent-env-d0d40d41-068f-423f-8b41-62d15175327c"><testcase classname="tests.backend_test.TestAuth" name="test_incidents_requires_auth" time="0.133" /><testcase classname="tests.backend_test.TestRBAC" name="test_end_user_denied[/api/admin/dashboard]" time="0.190" /><testcase classname="tests.backend_test.TestAuth" name="test_me_unauthenticated" time="0.086" /><testcase classname="tests.backend_test.TestRBAC" name="test_end_user_denied[/api/admin/kb]" time="0.194" /><testcase classname="tests.backend_test.TestAuth" name="test_me_admin" time="0.102" /><testcase classname="tests.backend_test.TestAuth" name="test_me_end_user" time="0.142" /><testcase classname="tests.backend_test.TestRBAC" name="test_end_user_denied[/api/admin/rca]" time="0.053" /><testcase classname="tests.backend_test.TestRBAC" name="test_end_user_denied[/api/admin/historical]" time="0.128" /><testcase classname="tests.backend_test.TestAuth" name="test_invalid_token_rejected" time="0.044" /><testcase classname="tests.backend_test.TestAuth" name="test_session_invalid_session_id" time="0.135" /><testcase classname="tests.backend_test.TestRBAC" name="test_end_user_denied[/api/admin/applications]" time="0.057" /><testcase classname="tests.backend_test.TestRBAC" name="test_end_user_denied[/api/admin/servicenow/config]" time="0.052" /><testcase classname="tests.backend_test.TestIncidents" name="test_list_incidents_demo" time="0.056" /><testcase classname="tests.backend_test.TestRBAC" name="test_end_user_denied[/api/admin/ai/config]" time="0.055" /><testcase classname="tests.backend_test.TestIncidents" name="test_list_incidents_search" time="0.085" /><testcase classname="tests.backend_test.TestRBAC" name="test_end_user_denied[/api/admin/analyses]" time="0.052" /><testcase classname="tests.backend_test.TestRBAC" name="test_end_user_denied[/api/admin/audit]" time="0.094" /><testcase classname="tests.backend_test.TestIncidents" name="test_list_incidents_pagination" time="0.052" /><testcase classname="tests.backend_test.TestIncidents" name="test_get_incident_hides_work_notes" time="0.088" /><testcase classname="tests.backend_test.TestRBAC" name="test_unauthenticated_denied[/api/admin/dashboard]" time="0.152" /><testcase classname="tests.backend_test.TestIncidents" name="test_get_incident_not_found" time="0.052" /><testcase classname="tests.backend_test.TestIncidents" name="test_get_incident_invalid_id" time="0.045" /><testcase classname="tests.backend_test.TestAdminCRUD" name="test_crud_lifecycle[applications-create0-update0-name]" time="0.420" /><testcase classname="tests.backend_test.TestRBAC" name="test_unauthenticated_denied[/api/admin/kb]" time="0.046" /><testcase classname="tests.backend_test.TestRBAC" name="test_unauthenticated_denied[/api/admin/rca]" time="0.048" /><testcase classname="tests.backend_test.TestRBAC" name="test_unauthenticated_denied[/api/admin/historical]" time="0.089" /><testcase classname="tests.backend_test.TestRBAC" name="test_unauthenticated_denied[/api/admin/applications]" time="0.090" /><testcase classname="tests.backend_test.TestRBAC" name="test_unauthenticated_denied[/api/admin/servicenow/config]" time="0.047" /><testcase classname="tests.backend_test.TestRBAC" name="test_unauthenticated_denied[/api/admin/ai/config]" time="0.048" /><testcase classname="tests.backend_test.TestRBAC" name="test_unauthenticated_denied[/api/admin/analyses]" time="0.047" /><testcase classname="tests.backend_test.TestAdminCRUD" name="test_crud_lifecycle[kb-create1-update1-title]" time="0.275" /><testcase classname="tests.backend_test.TestRBAC" name="test_unauthenticated_denied[/api/admin/audit]" time="0.048" /><testcase classname="tests.backend_test.TestRBAC" name="test_end_user_denied_write_routes" time="0.513" /><testcase classname="tests.backend_test.TestAdminCRUD" name="test_crud_lifecycle[rca-create2-update2-title]" time="0.365" /><testcase classname="tests.backend_test.TestAnalyze" name="test_analyze_requires_auth" time="0.091" /><testcase classname="tests.backend_test.TestAdminCRUD" name="test_crud_lifecycle[historical-create3-update3-short_description]" time="1.726" /><testcase classname="tests.backend_test.TestAnalyze" name="test_end_user_can_analyze" time="3.454" /><testcase classname="tests.backend_test.TestAdminCRUD" name="test_create_validation_error" time="0.048" /><testcase classname="tests.backend_test.TestAdminCRUD" name="test_update_nonexistent_id" time="0.122" /><testcase classname="tests.backend_test.TestServiceNowConfig" name="test_get_default_config" time="0.048" /><testcase classname="tests.backend_test.TestServiceNowConfig" name="test_put_masks_password_and_preserves" time="0.284" /><testcase classname="tests.backend_test.TestServiceNowConfig" name="test_test_connection_not_configured" time="0.136" /><testcase classname="tests.backend_test.TestAIConfig" name="test_get_ai_config" time="0.045" /><testcase classname="tests.backend_test.TestAIConfig" name="test_put_ai_config" time="0.295" /><testcase classname="tests.backend_test.TestAIConfig" name="test_ai_test_pong" time="0.601" /><testcase classname="tests.backend_test.TestAnalysesAndAudit" name="test_admin_analyses" time="0.050" /><testcase classname="tests.backend_test.TestAnalysesAndAudit" name="test_audit_log_entries_and_no_secrets" time="0.044" /><testcase classname="tests.backend_test.TestHealth" name="test_health" time="0.044" /><testcase classname="tests.backend_test.TestDashboard" name="test_dashboard" time="0.051" /><testcase classname="tests.backend_test.TestAnalyze" name="test_analyze_not_found" time="0.055" /><testcase classname="tests.backend_test.TestAnalyze" name="test_my_analyses_scoped" time="0.171" /></testsuite></testsuites>