<?xml version="1.0" encoding="utf-8"?><testsuites name="pytest tests"><testsuite name="pytest" errors="0" failures="0" skipped="0" tests="78" time="15.333" timestamp="2026-09-05T07:21:32.430940+00:00" hostname="agent-env-d0d40d41-068f-423f-8b41-62d15175327c"><testcase classname="tests.backend_test.TestHealth" name="test_health" time="0.169" /><testcase classname="tests.backend_test.TestAuth" name="test_incidents_requires_auth" time="0.051" /><testcase classname="tests.backend_test.TestAuth" name="test_me_unauthenticated" time="0.055" /><testcase classname="tests.backend_test.TestAuth" name="test_me_admin" time="0.105" /><testcase classname="tests.backend_test.TestAuth" name="test_me_end_user" time="0.105" /><testcase classname="tests.backend_test.TestAuth" name="test_invalid_token_rejected" time="0.052" /><testcase classname="tests.backend_test.TestAuth" name="test_session_invalid_session_id" time="0.106" /><testcase classname="tests.backend_test.TestIncidents" name="test_list_incidents_requires_or_rejects_credentials" time="0.190" /><testcase classname="tests.backend_test.TestIncidents" name="test_get_incident_credential_error_is_json" time="0.199" /><testcase classname="tests.backend_test.TestIncidents" name="test_get_incident_invalid_id" time="0.048" /><testcase classname="tests.backend_test.TestAnalyze" name="test_analyze_requires_auth" time="0.053" /><testcase classname="tests.backend_test.TestAnalyze" name="test_end_user_analyze_credential_error" time="0.171" /><testcase classname="tests.backend_test.TestAnalyze" name="test_my_analyses_scoped" time="0.096" /><testcase classname="tests.backend_test.TestRBAC" name="test_end_user_denied[/api/admin/dashboard]" time="0.046" /><testcase classname="tests.backend_test.TestRBAC" name="test_end_user_denied[/api/admin/kb]" time="0.043" /><testcase classname="tests.backend_test.TestRBAC" name="test_end_user_denied[/api/admin/rca]" time="0.045" /><testcase classname="tests.backend_test.TestRBAC" name="test_end_user_denied[/api/admin/historical]" time="0.044" /><testcase classname="tests.backend_test.TestRBAC" name="test_end_user_denied[/api/admin/applications]" time="0.044" /><testcase classname="tests.backend_test.TestRBAC" name="test_end_user_denied[/api/admin/servicenow/config]" time="0.046" /><testcase classname="tests.backend_test.TestRBAC" name="test_end_user_denied[/api/admin/ai/config]" time="0.047" /><testcase classname="tests.backend_test.TestRBAC" name="test_end_user_denied[/api/admin/analyses]" time="0.046" /><testcase classname="tests.backend_test.TestRBAC" name="test_end_user_denied[/api/admin/audit]" time="0.045" /><testcase classname="tests.backend_test.TestRBAC" name="test_unauthenticated_denied[/api/admin/dashboard]" time="0.063" /><testcase classname="tests.backend_test.TestRBAC" name="test_unauthenticated_denied[/api/admin/kb]" time="0.051" /><testcase classname="tests.backend_test.TestRBAC" name="test_unauthenticated_denied[/api/admin/rca]" time="0.054" /><testcase classname="tests.backend_test.TestRBAC" name="test_unauthenticated_denied[/api/admin/historical]" time="0.048" /><testcase classname="tests.backend_test.TestRBAC" name="test_unauthenticated_denied[/api/admin/applications]" time="0.049" /><testcase classname="tests.backend_test.TestRBAC" name="test_unauthenticated_denied[/api/admin/servicenow/config]" time="0.054" /><testcase classname="tests.backend_test.TestRBAC" name="test_unauthenticated_denied[/api/admin/ai/config]" time="0.054" /><testcase classname="tests.backend_test.TestRBAC" name="test_unauthenticated_denied[/api/admin/analyses]" time="0.048" /><testcase classname="tests.backend_test.TestRBAC" name="test_unauthenticated_denied[/api/admin/audit]" time="0.056" /><testcase classname="tests.backend_test.TestRBAC" name="test_end_user_denied_write_routes" time="0.182" /><testcase classname="tests.backend_test.TestDashboard" name="test_dashboard" time="0.056" /><testcase classname="tests.backend_test.TestServiceNowConfig" name="test_get_default_config" time="0.050" /><testcase classname="tests.backend_test.TestServiceNowConfig" name="test_put_preserves_config" time="0.150" /><testcase classname="tests.backend_test.TestServiceNowConfig" name="test_test_connection_requires_personal_credentials" time="0.050" /><testcase classname="tests.backend_test.TestAIConfig" name="test_get_ai_config" time="0.052" /><testcase classname="tests.backend_test.TestAIConfig" name="test_put_ai_config" time="0.244" /><testcase classname="tests.backend_test.TestAIConfig" name="test_ai_test_pong" time="0.589" /><testcase classname="tests.backend_test.TestAdminCRUD" name="test_crud_lifecycle[applications-create0-update0-name]" time="0.335" /><testcase classname="tests.backend_test.TestAdminCRUD" name="test_crud_lifecycle[kb-create1-update1-title]" time="0.294" /><testcase classname="tests.backend_test.TestAdminCRUD" name="test_crud_lifecycle[rca-create2-update2-title]" time="0.300" /><testcase classname="tests.backend_test.TestAdminCRUD" name="test_crud_lifecycle[historical-create3-update3-short_description]" time="0.302" /><testcase classname="tests.backend_test.TestAdminCRUD" name="test_create_validation_error" time="0.046" /><testcase classname="tests.backend_test.TestAdminCRUD" name="test_update_nonexistent_id" time="0.051" /><testcase classname="tests.backend_test.TestAnalysesAndAudit" name="test_admin_analyses" time="0.051" /><testcase classname="tests.backend_test.TestAnalysesAndAudit" name="test_audit_log_entries_and_no_secrets" time="0.063" /><testcase classname="tests.test_new_features.TestPerUserSNCredentials" name="test_status_requires_auth" time="0.121" /><testcase classname="tests.test_new_features.TestPerUserSNCredentials" name="test_status_shape_admin_no_creds" time="0.094" /><testcase classname="tests.test_new_features.TestPerUserSNCredentials" name="test_real_instance_no_creds_returns_428" time="0.131" /><testcase classname="tests.test_new_features.TestPerUserSNCredentials" name="test_admin_sn_test_without_personal_creds" time="0.047" /><testcase classname="tests.test_new_features.TestPerUserSNCredentials" name="test_save_validation" time="0.170" /><testcase classname="tests.test_new_features.TestPerUserSNCredentials" name="test_save_encrypts_and_persists" time="0.136" /><testcase classname="tests.test_new_features.TestPerUserSNCredentials" name="test_test_endpoint_wrong_creds_returns_json_not_exception" time="0.190" /><testcase classname="tests.test_new_features.TestPerUserSNCredentials" name="test_wrong_creds_incidents_returns_424_json" time="0.167" /><testcase classname="tests.test_new_features.TestPerUserSNCredentials" name="test_enduser_with_dummy_creds_gets_424" time="0.289" /><testcase classname="tests.test_new_features.TestPerUserSNCredentials" name="test_delete_removes_credentials" time="0.170" /><testcase classname="tests.test_new_features.TestAdminSNConfig" name="test_config_has_no_credentials_keys" time="0.043" /><testcase classname="tests.test_new_features.TestAdminSNConfig" name="test_url_normalization" time="0.127" /><testcase classname="tests.test_new_features.TestAdminSNConfig" name="test_normalization_adds_scheme" time="0.094" /><testcase classname="tests.test_new_features.TestDemoAnalyzeFeedbackQuota" name="test_demo_mode_list" time="0.095" /><testcase classname="tests.test_new_features.TestDemoAnalyzeFeedbackQuota" name="test_quota_shapes" time="0.185" /><testcase classname="tests.test_new_features.TestDemoAnalyzeFeedbackQuota" name="test_analyze_and_feedback_flow" time="3.151" /><testcase classname="tests.test_new_features.TestDemoAnalyzeFeedbackQuota" name="test_rate_limit_enforced_for_enduser_not_admin" time="2.521" /><testcase classname="tests.test_new_features.TestDemoAnalyzeFeedbackQuota" name="test_restore_real_instance" time="0.052" /><testcase classname="tests.test_new_features.TestKBUpload" name="test_upload_markdown" time="0.087" /><testcase classname="tests.test_new_features.TestKBUpload" name="test_upload_txt" time="0.049" /><testcase classname="tests.test_new_features.TestKBUpload" name="test_upload_pdf_text_extracted" time="0.047" /><testcase classname="tests.test_new_features.TestKBUpload" name="test_unsupported_type" time="0.041" /><testcase classname="tests.test_new_features.TestKBUpload" name="test_empty_file" time="0.083" /><testcase classname="tests.test_new_features.TestKBUpload" name="test_enduser_forbidden" time="0.048" /><testcase classname="tests.test_new_features.TestKBUpload" name="test_anon_unauthorized" time="0.274" /><testcase classname="tests.test_new_features.TestRegression" name="test_auth_me" time="0.095" /><testcase classname="tests.test_new_features.TestRegression" name="test_role_enforcement" time="0.284" /><testcase classname="tests.test_new_features.TestRegression" name="test_admin_crud_lifecycle" time="0.256" /><testcase classname="tests.test_new_features.TestRegression" name="test_audit_log" time="0.054" /><testcase classname="tests.test_new_features.TestRegression" name="test_my_analyses" time="0.050" /><testcase classname="tests.test_new_features.TestRegression" name="test_ai_test_pong" time="0.959" /></testsuite></testsuites>